[2024-07-22 14:36:17.304 e6a1474e-6219-4193-b99c-f2fd376aa53c INF] Now listening on: https://localhost:7288 
 [2024-07-22 14:36:17.387 7c60a68b-7ce7-4987-b398-682c0e9f4948 INF] Now listening on: http://localhost:5246 
 [2024-07-22 14:36:17.392 e4172a38-1a40-4935-8af9-4e51c9505208 INF] Application started. Press Ctrl+C to shut down. 
 [2024-07-22 14:36:17.393 72a885e6-790f-427a-b79c-f59dde0e73b1 INF] Hosting environment: Development 
 [2024-07-22 14:36:17.393 9cf1ebc6-b191-43b5-863f-3ef0a7e8c052 INF] Content root path: C:\Users\n29938\Desktop\Ejercitacion Apis\BNA EF1 V.1.02\BNA.EF1.API 
 [2024-07-22 14:36:19.317 8d70cee4-5675-441c-80b8-50bd3e520afc INF] Request starting HTTP/2 GET https://localhost:7288/swagger - null null 
 [2024-07-22 14:36:25.050 8d70cee4-5675-441c-80b8-50bd3e520afc INF] Request finished HTTP/2 GET https://localhost:7288/swagger - 301 0 null 5739.4712ms 
 [2024-07-22 14:36:25.068 dc07dd74-b0d3-45fa-b06d-226f5ea57046 INF] Request starting HTTP/2 GET https://localhost:7288/swagger/index.html - null null 
 [2024-07-22 14:36:25.342 dc07dd74-b0d3-45fa-b06d-226f5ea57046 INF] Request finished HTTP/2 GET https://localhost:7288/swagger/index.html - 200 null text/html;charset=utf-8 274.5951ms 
 [2024-07-22 14:36:25.348 73bb6c7b-1dbe-4f72-b3f8-9df3ccbae5f0 INF] Request starting HTTP/2 GET https://localhost:7288/swagger/swagger-ui.css - null null 
 [2024-07-22 14:36:25.353 e85948ac-0f35-48ac-ae8c-9b65870007a7 INF] Request starting HTTP/2 GET https://localhost:7288/swagger/swagger-ui-bundle.js - null null 
 [2024-07-22 14:36:25.359 b879dd04-e42f-4581-a31a-5fde80402676 INF] Request starting HTTP/2 GET https://localhost:7288/swagger/swagger-ui-standalone-preset.js - null null 
 [2024-07-22 14:36:25.367 c548706e-a61a-43fd-8bf8-c3f44fdb007e INF] Request starting HTTP/2 GET https://localhost:7288/_framework/aspnetcore-browser-refresh.js - null null 
 [2024-07-22 14:36:25.401 c548706e-a61a-43fd-8bf8-c3f44fdb007e INF] Request finished HTTP/2 GET https://localhost:7288/_framework/aspnetcore-browser-refresh.js - 200 13758 application/javascript; charset=utf-8 33.6908ms 
 [2024-07-22 14:36:25.448 73bb6c7b-1dbe-4f72-b3f8-9df3ccbae5f0 INF] Sending file. Request path: '/swagger-ui.css'. Physical path: 'N/A' 
 [2024-07-22 14:36:25.448 b879dd04-e42f-4581-a31a-5fde80402676 INF] Sending file. Request path: '/swagger-ui-standalone-preset.js'. Physical path: 'N/A' 
 [2024-07-22 14:36:25.448 73bb6c7b-1dbe-4f72-b3f8-9df3ccbae5f0 INF] Request finished HTTP/2 GET https://localhost:7288/swagger/swagger-ui.css - 200 143632 text/css 100.1078ms 
 [2024-07-22 14:36:25.449 b879dd04-e42f-4581-a31a-5fde80402676 INF] Request finished HTTP/2 GET https://localhost:7288/swagger/swagger-ui-standalone-preset.js - 200 337162 text/javascript 90.2101ms 
 [2024-07-22 14:36:25.468 e85948ac-0f35-48ac-ae8c-9b65870007a7 INF] Sending file. Request path: '/swagger-ui-bundle.js'. Physical path: 'N/A' 
 [2024-07-22 14:36:25.468 e85948ac-0f35-48ac-ae8c-9b65870007a7 INF] Request finished HTTP/2 GET https://localhost:7288/swagger/swagger-ui-bundle.js - 200 1092889 text/javascript 114.7269ms 
 [2024-07-22 14:36:25.648 48888fb6-4dd4-463f-90b5-30a9d3e75600 INF] Request starting HTTP/2 GET https://localhost:7288/swagger/v1/swagger.json - null null 
 [2024-07-22 14:36:25.704 eacb8c7c-8d7e-44f0-8e19-18229b4902a3 INF] Request starting HTTP/2 GET https://localhost:7288/swagger/favicon-32x32.png - null null 
 [2024-07-22 14:36:25.705 eacb8c7c-8d7e-44f0-8e19-18229b4902a3 INF] Sending file. Request path: '/favicon-32x32.png'. Physical path: 'N/A' 
 [2024-07-22 14:36:25.705 eacb8c7c-8d7e-44f0-8e19-18229b4902a3 INF] Request finished HTTP/2 GET https://localhost:7288/swagger/favicon-32x32.png - 200 628 image/png 1.1881ms 
 [2024-07-22 14:36:25.824 48888fb6-4dd4-463f-90b5-30a9d3e75600 INF] Request finished HTTP/2 GET https://localhost:7288/swagger/v1/swagger.json - 200 null application/json;charset=utf-8 176.9624ms 
 [2024-07-22 14:38:02.026 73e2c7a3-eda9-4384-981d-2084e1730eb7 INF] Now listening on: https://localhost:7288 
 [2024-07-22 14:38:02.104 6165c572-dcf4-4038-ba2c-d88b5a811191 INF] Now listening on: http://localhost:5246 
 [2024-07-22 14:38:02.107 059ecdbc-cc84-43d0-a608-564916a9c733 INF] Application started. Press Ctrl+C to shut down. 
 [2024-07-22 14:38:02.107 135d9325-459a-4027-9532-49e6d66fa891 INF] Hosting environment: Development 
 [2024-07-22 14:38:02.108 33438f6b-7fdc-4476-856b-a0252d17f04f INF] Content root path: C:\Users\n29938\Desktop\Ejercitacion Apis\BNA EF1 V.1.02\BNA.EF1.API 
 [2024-07-22 14:38:03.429 287acaca-629f-4c08-867a-aa6eff9031f8 INF] Request starting HTTP/2 GET https://localhost:7288/swagger - null null 
 [2024-07-22 14:38:03.892 287acaca-629f-4c08-867a-aa6eff9031f8 INF] Request finished HTTP/2 GET https://localhost:7288/swagger - 301 0 null 468.7895ms 
 [2024-07-22 14:38:03.915 2687b547-94f3-4d4d-92ba-6b448e897588 INF] Request starting HTTP/2 GET https://localhost:7288/swagger/index.html - null null 
 [2024-07-22 14:38:04.130 2687b547-94f3-4d4d-92ba-6b448e897588 INF] Request finished HTTP/2 GET https://localhost:7288/swagger/index.html - 200 null text/html;charset=utf-8 215.8399ms 
 [2024-07-22 14:38:04.135 f0c7a01e-1ff0-4e66-8708-949d1a82e329 INF] Request starting HTTP/2 GET https://localhost:7288/swagger/swagger-ui.css - null null 
 [2024-07-22 14:38:04.142 ce0b727b-4f7c-432b-8fce-1726f201fc33 INF] Request starting HTTP/2 GET https://localhost:7288/swagger/swagger-ui-bundle.js - null null 
 [2024-07-22 14:38:04.161 85cf52fb-f40d-435d-839c-aaa3ac391777 INF] Request starting HTTP/2 GET https://localhost:7288/swagger/swagger-ui-standalone-preset.js - null null 
 [2024-07-22 14:38:04.165 0b10e29e-e9f3-4dc6-bee5-cb4f4676c497 INF] Request starting HTTP/2 GET https://localhost:7288/_framework/aspnetcore-browser-refresh.js - null null 
 [2024-07-22 14:38:04.185 f0c7a01e-1ff0-4e66-8708-949d1a82e329 INF] Sending file. Request path: '/swagger-ui.css'. Physical path: 'N/A' 
 [2024-07-22 14:38:04.186 f0c7a01e-1ff0-4e66-8708-949d1a82e329 INF] Request finished HTTP/2 GET https://localhost:7288/swagger/swagger-ui.css - 200 143632 text/css 50.4594ms 
 [2024-07-22 14:38:04.187 0b10e29e-e9f3-4dc6-bee5-cb4f4676c497 INF] Request finished HTTP/2 GET https://localhost:7288/_framework/aspnetcore-browser-refresh.js - 200 13758 application/javascript; charset=utf-8 22.548ms 
 [2024-07-22 14:38:04.199 85cf52fb-f40d-435d-839c-aaa3ac391777 INF] Sending file. Request path: '/swagger-ui-standalone-preset.js'. Physical path: 'N/A' 
 [2024-07-22 14:38:04.200 85cf52fb-f40d-435d-839c-aaa3ac391777 INF] Request finished HTTP/2 GET https://localhost:7288/swagger/swagger-ui-standalone-preset.js - 200 337162 text/javascript 38.7999ms 
 [2024-07-22 14:38:04.218 ce0b727b-4f7c-432b-8fce-1726f201fc33 INF] Sending file. Request path: '/swagger-ui-bundle.js'. Physical path: 'N/A' 
 [2024-07-22 14:38:04.219 ce0b727b-4f7c-432b-8fce-1726f201fc33 INF] Request finished HTTP/2 GET https://localhost:7288/swagger/swagger-ui-bundle.js - 200 1092889 text/javascript 76.432ms 
 [2024-07-22 14:38:04.420 27446c64-9bb2-47e0-b09a-dc8a0de3aa1e INF] Request starting HTTP/2 GET https://localhost:7288/swagger/v1/swagger.json - null null 
 [2024-07-22 14:38:04.468 c4ac3986-1def-412a-a892-d13a08c0c14e INF] Request starting HTTP/2 GET https://localhost:7288/swagger/favicon-32x32.png - null null 
 [2024-07-22 14:38:04.469 c4ac3986-1def-412a-a892-d13a08c0c14e INF] Sending file. Request path: '/favicon-32x32.png'. Physical path: 'N/A' 
 [2024-07-22 14:38:04.469 c4ac3986-1def-412a-a892-d13a08c0c14e INF] Request finished HTTP/2 GET https://localhost:7288/swagger/favicon-32x32.png - 200 628 image/png 2.2993ms 
 [2024-07-22 14:38:04.580 27446c64-9bb2-47e0-b09a-dc8a0de3aa1e INF] Request finished HTTP/2 GET https://localhost:7288/swagger/v1/swagger.json - 200 null application/json;charset=utf-8 160.3476ms 
 [2024-07-22 14:39:11.589 ee94aab1-1c19-420f-933a-27a4e0fffb4d INF] Now listening on: https://localhost:7288 
 [2024-07-22 14:39:11.690 dcec412e-7fcb-4df8-ac12-cf2f74aaf0e5 INF] Now listening on: http://localhost:5246 
 [2024-07-22 14:39:11.694 c0790c16-beb1-471c-8b23-dd04889c3149 INF] Application started. Press Ctrl+C to shut down. 
 [2024-07-22 14:39:11.696 a18811c5-3a28-4590-a863-4a69312c98c2 INF] Hosting environment: Development 
 [2024-07-22 14:39:11.696 84c115e6-ec6f-4012-b9e1-6100d491fe67 INF] Content root path: C:\Users\n29938\Desktop\Ejercitacion Apis\BNA EF1 V.1.02\BNA.EF1.API 
 [2024-07-22 14:39:12.368 26d8d74f-d32a-42d4-845b-6d8729bf3355 INF] Request starting HTTP/2 GET https://localhost:7288/swagger - null null 
 [2024-07-22 14:39:12.862 26d8d74f-d32a-42d4-845b-6d8729bf3355 INF] Request finished HTTP/2 GET https://localhost:7288/swagger - 301 0 null 500.1595ms 
 [2024-07-22 14:39:12.883 6712e288-a7d6-4211-ac99-70e39cce2670 INF] Request starting HTTP/2 GET https://localhost:7288/swagger/index.html - null null 
 [2024-07-22 14:39:13.100 6712e288-a7d6-4211-ac99-70e39cce2670 INF] Request finished HTTP/2 GET https://localhost:7288/swagger/index.html - 200 null text/html;charset=utf-8 216.6ms 
 [2024-07-22 14:39:13.119 4acc12fc-9403-487d-9632-023125a362bd INF] Request starting HTTP/2 GET https://localhost:7288/swagger/swagger-ui.css - null null 
 [2024-07-22 14:39:13.132 b7b3d53c-a1fd-4d24-a017-3078da378e44 INF] Request starting HTTP/2 GET https://localhost:7288/swagger/swagger-ui-bundle.js - null null 
 [2024-07-22 14:39:13.140 8f367b72-44ff-43e6-846c-631086bb747c INF] Request starting HTTP/2 GET https://localhost:7288/swagger/swagger-ui-standalone-preset.js - null null 
 [2024-07-22 14:39:13.156 40dc5efc-03f1-4da4-b718-104c33932af9 INF] Request starting HTTP/2 GET https://localhost:7288/_framework/aspnetcore-browser-refresh.js - null null 
 [2024-07-22 14:39:13.174 40dc5efc-03f1-4da4-b718-104c33932af9 INF] Request finished HTTP/2 GET https://localhost:7288/_framework/aspnetcore-browser-refresh.js - 200 13758 application/javascript; charset=utf-8 17.6672ms 
 [2024-07-22 14:39:13.175 4acc12fc-9403-487d-9632-023125a362bd INF] Sending file. Request path: '/swagger-ui.css'. Physical path: 'N/A' 
 [2024-07-22 14:39:13.178 4acc12fc-9403-487d-9632-023125a362bd INF] Request finished HTTP/2 GET https://localhost:7288/swagger/swagger-ui.css - 200 143632 text/css 60.3368ms 
 [2024-07-22 14:39:13.197 8f367b72-44ff-43e6-846c-631086bb747c INF] Sending file. Request path: '/swagger-ui-standalone-preset.js'. Physical path: 'N/A' 
 [2024-07-22 14:39:13.198 8f367b72-44ff-43e6-846c-631086bb747c INF] Request finished HTTP/2 GET https://localhost:7288/swagger/swagger-ui-standalone-preset.js - 200 337162 text/javascript 57.2765ms 
 [2024-07-22 14:39:13.212 b7b3d53c-a1fd-4d24-a017-3078da378e44 INF] Sending file. Request path: '/swagger-ui-bundle.js'. Physical path: 'N/A' 
 [2024-07-22 14:39:13.212 b7b3d53c-a1fd-4d24-a017-3078da378e44 INF] Request finished HTTP/2 GET https://localhost:7288/swagger/swagger-ui-bundle.js - 200 1092889 text/javascript 80.341ms 
 [2024-07-22 14:39:13.440 e2d22524-f725-4f7f-914d-a79808cb2a85 INF] Request starting HTTP/2 GET https://localhost:7288/swagger/v1/swagger.json - null null 
 [2024-07-22 14:39:13.482 6ac4accc-432b-4761-a769-fe440c088cf4 INF] Request starting HTTP/2 GET https://localhost:7288/swagger/favicon-32x32.png - null null 
 [2024-07-22 14:39:13.482 6ac4accc-432b-4761-a769-fe440c088cf4 INF] Sending file. Request path: '/favicon-32x32.png'. Physical path: 'N/A' 
 [2024-07-22 14:39:13.482 6ac4accc-432b-4761-a769-fe440c088cf4 INF] Request finished HTTP/2 GET https://localhost:7288/swagger/favicon-32x32.png - 200 628 image/png 0.9035ms 
 [2024-07-22 14:39:13.654 e2d22524-f725-4f7f-914d-a79808cb2a85 INF] Request finished HTTP/2 GET https://localhost:7288/swagger/v1/swagger.json - 200 null application/json;charset=utf-8 213.5694ms 
 [2024-07-22 14:40:44.360 0a5ead32-083b-43f6-8c23-59580f01c755 INF] Now listening on: https://localhost:7288 
 [2024-07-22 14:40:44.438 0fff71e2-66d3-40bf-a4ea-5873755ff411 INF] Now listening on: http://localhost:5246 
 [2024-07-22 14:40:44.442 f7833e7a-bb7e-4926-8ba3-ae4cbcde2c73 INF] Application started. Press Ctrl+C to shut down. 
 [2024-07-22 14:40:44.443 7934a386-76ee-4003-91ad-bd92cb37ca2c INF] Hosting environment: Development 
 [2024-07-22 14:40:44.443 07df4e85-f810-4a05-b2c0-859500accfa1 INF] Content root path: C:\Users\n29938\Desktop\Ejercitacion Apis\BNA EF1 V.1.02\BNA.EF1.API 
 [2024-07-22 14:40:45.500 db3996c5-b765-4a50-b413-0b0396b9a52a INF] Request starting HTTP/2 GET https://localhost:7288/swagger - null null 
 [2024-07-22 14:40:46.043 db3996c5-b765-4a50-b413-0b0396b9a52a INF] Request finished HTTP/2 GET https://localhost:7288/swagger - 301 0 null 548.9754ms 
 [2024-07-22 14:40:46.059 66150409-3865-4a93-aff9-14ff45be33b2 INF] Request starting HTTP/2 GET https://localhost:7288/swagger/index.html - null null 
 [2024-07-22 14:40:46.273 66150409-3865-4a93-aff9-14ff45be33b2 INF] Request finished HTTP/2 GET https://localhost:7288/swagger/index.html - 200 null text/html;charset=utf-8 213.7547ms 
 [2024-07-22 14:40:46.275 c319c018-afcf-4b9d-aad5-5ccb763f2647 INF] Request starting HTTP/2 GET https://localhost:7288/swagger/swagger-ui.css - null null 
 [2024-07-22 14:40:46.281 f94f6895-7879-4b1e-a1fc-636ad0d2cc61 INF] Request starting HTTP/2 GET https://localhost:7288/swagger/swagger-ui-bundle.js - null null 
 [2024-07-22 14:40:46.289 1c045710-98c9-4f8b-b0ea-132ca4cd2305 INF] Request starting HTTP/2 GET https://localhost:7288/swagger/swagger-ui-standalone-preset.js - null null 
 [2024-07-22 14:40:46.302 dc8a6d50-291b-48c1-bda7-3dfc7e2360b5 INF] Request starting HTTP/2 GET https://localhost:7288/_framework/aspnetcore-browser-refresh.js - null null 
 [2024-07-22 14:40:46.326 dc8a6d50-291b-48c1-bda7-3dfc7e2360b5 INF] Request finished HTTP/2 GET https://localhost:7288/_framework/aspnetcore-browser-refresh.js - 200 13758 application/javascript; charset=utf-8 20.286ms 
 [2024-07-22 14:40:46.332 c319c018-afcf-4b9d-aad5-5ccb763f2647 INF] Sending file. Request path: '/swagger-ui.css'. Physical path: 'N/A' 
 [2024-07-22 14:40:46.332 1c045710-98c9-4f8b-b0ea-132ca4cd2305 INF] Sending file. Request path: '/swagger-ui-standalone-preset.js'. Physical path: 'N/A' 
 [2024-07-22 14:40:46.332 c319c018-afcf-4b9d-aad5-5ccb763f2647 INF] Request finished HTTP/2 GET https://localhost:7288/swagger/swagger-ui.css - 200 143632 text/css 57.0534ms 
 [2024-07-22 14:40:46.333 1c045710-98c9-4f8b-b0ea-132ca4cd2305 INF] Request finished HTTP/2 GET https://localhost:7288/swagger/swagger-ui-standalone-preset.js - 200 337162 text/javascript 44.0492ms 
 [2024-07-22 14:40:46.344 f94f6895-7879-4b1e-a1fc-636ad0d2cc61 INF] Sending file. Request path: '/swagger-ui-bundle.js'. Physical path: 'N/A' 
 [2024-07-22 14:40:46.345 f94f6895-7879-4b1e-a1fc-636ad0d2cc61 INF] Request finished HTTP/2 GET https://localhost:7288/swagger/swagger-ui-bundle.js - 200 1092889 text/javascript 63.8855ms 
 [2024-07-22 14:40:46.556 848c490c-d546-41ea-8226-7e052e551212 INF] Request starting HTTP/2 GET https://localhost:7288/swagger/v1/swagger.json - null null 
 [2024-07-22 14:40:46.592 999becaa-d2a8-4450-94af-d778b3e7d828 INF] Request starting HTTP/2 GET https://localhost:7288/swagger/favicon-32x32.png - null null 
 [2024-07-22 14:40:46.594 999becaa-d2a8-4450-94af-d778b3e7d828 INF] Sending file. Request path: '/favicon-32x32.png'. Physical path: 'N/A' 
 [2024-07-22 14:40:46.594 999becaa-d2a8-4450-94af-d778b3e7d828 INF] Request finished HTTP/2 GET https://localhost:7288/swagger/favicon-32x32.png - 200 628 image/png 2.5127ms 
 [2024-07-22 14:40:46.775 848c490c-d546-41ea-8226-7e052e551212 INF] Request finished HTTP/2 GET https://localhost:7288/swagger/v1/swagger.json - 200 null application/json;charset=utf-8 218.5093ms 
 [2024-07-22 14:41:07.633 9be3b713-55fd-4d4b-b2bb-beef3da55ff5 INF] Request starting HTTP/2 GET https://localhost:7288/api/Cuenta/2020202020 - null null 
 [2024-07-22 14:41:07.660 9be3b713-55fd-4d4b-b2bb-beef3da55ff5 INF] Executing endpoint 'BNA.EF1.API.Controllers.Cuenta.GetCuenta (BNA.EF1.API)' 
 [2024-07-22 14:41:07.697 9be3b713-55fd-4d4b-b2bb-beef3da55ff5 INF] Route matched with {action = "GetCuenta", controller = "Cuenta"}. Executing controller action with signature System.Threading.Tasks.Task`1[Microsoft.AspNetCore.Mvc.ActionResult`1[BNA.EF1.Application.Cuentas.Queries.GetCuenta.GetCuentaDto]] GetCuenta(System.String) on controller BNA.EF1.API.Controllers.Cuenta (BNA.EF1.API). 
 [2024-07-22 14:41:07.947 9be3b713-55fd-4d4b-b2bb-beef3da55ff5 INF] Executing action method BNA.EF1.API.Controllers.Cuenta.GetCuenta (BNA.EF1.API) - Validation state: "Valid" 
 [2024-07-22 14:41:09.995 9be3b713-55fd-4d4b-b2bb-beef3da55ff5 INF] Iniciando consulta de Example por id 2020202020 
 [2024-07-22 14:41:12.550 9be3b713-55fd-4d4b-b2bb-beef3da55ff5 INF] Finalizando consulta de Example por id 2020202020 
 [2024-07-22 14:41:12.558 9be3b713-55fd-4d4b-b2bb-beef3da55ff5 INF] Executed action method BNA.EF1.API.Controllers.Cuenta.GetCuenta (BNA.EF1.API), returned result Microsoft.AspNetCore.Mvc.OkObjectResult in 4604.6171ms. 
 [2024-07-22 14:41:12.567 9be3b713-55fd-4d4b-b2bb-beef3da55ff5 INF] Executing OkObjectResult, writing value of type 'BNA.EF1.Application.Cuentas.Queries.GetCuenta.GetCuentaDto'. 
 [2024-07-22 14:41:12.602 9be3b713-55fd-4d4b-b2bb-beef3da55ff5 INF] Executed action BNA.EF1.API.Controllers.Cuenta.GetCuenta (BNA.EF1.API) in 4897.6235ms 
 [2024-07-22 14:41:12.602 9be3b713-55fd-4d4b-b2bb-beef3da55ff5 INF] Executed endpoint 'BNA.EF1.API.Controllers.Cuenta.GetCuenta (BNA.EF1.API)' 
 [2024-07-22 14:41:12.614 9be3b713-55fd-4d4b-b2bb-beef3da55ff5 INF] Request finished HTTP/2 GET https://localhost:7288/api/Cuenta/2020202020 - 200 null application/json; charset=utf-8 4980.975ms 
 [2024-07-22 15:07:08.989 aa2f04ca-a292-43fc-98e3-e85425653565 INF] Request starting HTTP/2 GET https://localhost:7288/api/Cuenta/2020202020 - null null 
 [2024-07-22 15:07:09.008 aa2f04ca-a292-43fc-98e3-e85425653565 INF] Executing endpoint 'BNA.EF1.API.Controllers.Cuenta.GetCuenta (BNA.EF1.API)' 
 [2024-07-22 15:07:09.009 aa2f04ca-a292-43fc-98e3-e85425653565 INF] Route matched with {action = "GetCuenta", controller = "Cuenta"}. Executing controller action with signature System.Threading.Tasks.Task`1[Microsoft.AspNetCore.Mvc.ActionResult`1[BNA.EF1.Application.Cuentas.Queries.GetCuenta.GetCuentaDto]] GetCuenta(System.String) on controller BNA.EF1.API.Controllers.Cuenta (BNA.EF1.API). 
 [2024-07-22 15:07:09.046 aa2f04ca-a292-43fc-98e3-e85425653565 INF] Executing action method BNA.EF1.API.Controllers.Cuenta.GetCuenta (BNA.EF1.API) - Validation state: "Valid" 
 [2024-07-22 15:07:09.118 aa2f04ca-a292-43fc-98e3-e85425653565 INF] Iniciando consulta de Example por id 2020202020 
 [2024-07-22 15:07:09.188 aa2f04ca-a292-43fc-98e3-e85425653565 INF] Finalizando consulta de Example por id 2020202020 
 [2024-07-22 15:07:09.190 aa2f04ca-a292-43fc-98e3-e85425653565 INF] Executed action method BNA.EF1.API.Controllers.Cuenta.GetCuenta (BNA.EF1.API), returned result Microsoft.AspNetCore.Mvc.OkObjectResult in 143.6912ms. 
 [2024-07-22 15:07:09.192 aa2f04ca-a292-43fc-98e3-e85425653565 INF] Executing OkObjectResult, writing value of type 'BNA.EF1.Application.Cuentas.Queries.GetCuenta.GetCuentaDto'. 
 [2024-07-22 15:07:09.194 aa2f04ca-a292-43fc-98e3-e85425653565 INF] Executed action BNA.EF1.API.Controllers.Cuenta.GetCuenta (BNA.EF1.API) in 183.9013ms 
 [2024-07-22 15:07:09.194 aa2f04ca-a292-43fc-98e3-e85425653565 INF] Executed endpoint 'BNA.EF1.API.Controllers.Cuenta.GetCuenta (BNA.EF1.API)' 
 [2024-07-22 15:07:09.195 aa2f04ca-a292-43fc-98e3-e85425653565 INF] Request finished HTTP/2 GET https://localhost:7288/api/Cuenta/2020202020 - 200 null application/json; charset=utf-8 210.7821ms 
 [2024-07-22 15:07:37.065 6483ae76-5cfc-440c-bbba-3de2952fb2b3 INF] Request starting HTTP/2 GET https://localhost:7288/api/Cuenta/2020202020 - null null 
 [2024-07-22 15:07:37.067 6483ae76-5cfc-440c-bbba-3de2952fb2b3 INF] Executing endpoint 'BNA.EF1.API.Controllers.Cuenta.GetCuenta (BNA.EF1.API)' 
 [2024-07-22 15:07:37.079 6483ae76-5cfc-440c-bbba-3de2952fb2b3 INF] Route matched with {action = "GetCuenta", controller = "Cuenta"}. Executing controller action with signature System.Threading.Tasks.Task`1[Microsoft.AspNetCore.Mvc.ActionResult`1[BNA.EF1.Application.Cuentas.Queries.GetCuenta.GetCuentaDto]] GetCuenta(System.String) on controller BNA.EF1.API.Controllers.Cuenta (BNA.EF1.API). 
 [2024-07-22 15:07:37.131 6483ae76-5cfc-440c-bbba-3de2952fb2b3 INF] Executing action method BNA.EF1.API.Controllers.Cuenta.GetCuenta (BNA.EF1.API) - Validation state: "Valid" 
 [2024-07-22 15:07:37.152 6483ae76-5cfc-440c-bbba-3de2952fb2b3 INF] Iniciando consulta de Example por id 2020202020 
 [2024-07-22 15:07:37.162 6483ae76-5cfc-440c-bbba-3de2952fb2b3 INF] Finalizando consulta de Example por id 2020202020 
 [2024-07-22 15:07:37.162 6483ae76-5cfc-440c-bbba-3de2952fb2b3 INF] Executed action method BNA.EF1.API.Controllers.Cuenta.GetCuenta (BNA.EF1.API), returned result Microsoft.AspNetCore.Mvc.OkObjectResult in 30.9884ms. 
 [2024-07-22 15:07:37.163 6483ae76-5cfc-440c-bbba-3de2952fb2b3 INF] Executing OkObjectResult, writing value of type 'BNA.EF1.Application.Cuentas.Queries.GetCuenta.GetCuentaDto'. 
 [2024-07-22 15:07:37.163 6483ae76-5cfc-440c-bbba-3de2952fb2b3 INF] Executed action BNA.EF1.API.Controllers.Cuenta.GetCuenta (BNA.EF1.API) in 82.2364ms 
 [2024-07-22 15:07:37.163 6483ae76-5cfc-440c-bbba-3de2952fb2b3 INF] Executed endpoint 'BNA.EF1.API.Controllers.Cuenta.GetCuenta (BNA.EF1.API)' 
 [2024-07-22 15:07:37.164 6483ae76-5cfc-440c-bbba-3de2952fb2b3 INF] Request finished HTTP/2 GET https://localhost:7288/api/Cuenta/2020202020 - 200 null application/json; charset=utf-8 101.0912ms 
 [2024-07-22 15:42:47.866 2f79c15e-7f6e-48f8-9bf2-899c408cfdcc INF] Request starting HTTP/2 GET https://localhost:7288/api/Cuenta/2020202020 - null null 
 [2024-07-22 15:42:47.871 2f79c15e-7f6e-48f8-9bf2-899c408cfdcc INF] Executing endpoint 'BNA.EF1.API.Controllers.Cuenta.GetCuenta (BNA.EF1.API)' 
 [2024-07-22 15:42:47.872 2f79c15e-7f6e-48f8-9bf2-899c408cfdcc INF] Route matched with {action = "GetCuenta", controller = "Cuenta"}. Executing controller action with signature System.Threading.Tasks.Task`1[Microsoft.AspNetCore.Mvc.ActionResult`1[BNA.EF1.Application.Cuentas.Queries.GetCuenta.GetCuentaDto]] GetCuenta(System.String) on controller BNA.EF1.API.Controllers.Cuenta (BNA.EF1.API). 
 [2024-07-22 15:42:47.902 2f79c15e-7f6e-48f8-9bf2-899c408cfdcc INF] Executing action method BNA.EF1.API.Controllers.Cuenta.GetCuenta (BNA.EF1.API) - Validation state: "Valid" 
 [2024-07-22 15:42:47.905 2f79c15e-7f6e-48f8-9bf2-899c408cfdcc INF] Iniciando consulta de Example por id 2020202020 
 [2024-07-22 15:42:47.966 2f79c15e-7f6e-48f8-9bf2-899c408cfdcc INF] Finalizando consulta de Example por id 2020202020 
 [2024-07-22 15:42:47.966 2f79c15e-7f6e-48f8-9bf2-899c408cfdcc INF] Executed action method BNA.EF1.API.Controllers.Cuenta.GetCuenta (BNA.EF1.API), returned result Microsoft.AspNetCore.Mvc.OkObjectResult in 63.562ms. 
 [2024-07-22 15:42:47.967 2f79c15e-7f6e-48f8-9bf2-899c408cfdcc INF] Executing OkObjectResult, writing value of type 'BNA.EF1.Application.Cuentas.Queries.GetCuenta.GetCuentaDto'. 
 [2024-07-22 15:42:47.968 2f79c15e-7f6e-48f8-9bf2-899c408cfdcc INF] Executed action BNA.EF1.API.Controllers.Cuenta.GetCuenta (BNA.EF1.API) in 95.8339ms 
 [2024-07-22 15:42:47.968 2f79c15e-7f6e-48f8-9bf2-899c408cfdcc INF] Executed endpoint 'BNA.EF1.API.Controllers.Cuenta.GetCuenta (BNA.EF1.API)' 
 [2024-07-22 15:42:47.969 2f79c15e-7f6e-48f8-9bf2-899c408cfdcc INF] Request finished HTTP/2 GET https://localhost:7288/api/Cuenta/2020202020 - 200 null application/json; charset=utf-8 114.4134ms 
 [2024-07-22 15:43:41.552 ce915bcb-10e2-47ae-b967-16a717ae547e INF] Request starting HTTP/2 GET https://localhost:7288/api/Cuenta/2020202020 - null null 
 [2024-07-22 15:43:41.553 ce915bcb-10e2-47ae-b967-16a717ae547e INF] Executing endpoint 'BNA.EF1.API.Controllers.Cuenta.GetCuenta (BNA.EF1.API)' 
 [2024-07-22 15:43:41.553 ce915bcb-10e2-47ae-b967-16a717ae547e INF] Route matched with {action = "GetCuenta", controller = "Cuenta"}. Executing controller action with signature System.Threading.Tasks.Task`1[Microsoft.AspNetCore.Mvc.ActionResult`1[BNA.EF1.Application.Cuentas.Queries.GetCuenta.GetCuentaDto]] GetCuenta(System.String) on controller BNA.EF1.API.Controllers.Cuenta (BNA.EF1.API). 
 [2024-07-22 15:43:41.588 ce915bcb-10e2-47ae-b967-16a717ae547e INF] Executing action method BNA.EF1.API.Controllers.Cuenta.GetCuenta (BNA.EF1.API) - Validation state: "Valid" 
 [2024-07-22 15:44:17.074 ce915bcb-10e2-47ae-b967-16a717ae547e INF] Iniciando consulta de Example por id 2020202020 
 [2024-07-22 15:44:17.129 ce915bcb-10e2-47ae-b967-16a717ae547e INF] Finalizando consulta de Example por id 2020202020 
 [2024-07-22 15:46:36.456 ce915bcb-10e2-47ae-b967-16a717ae547e INF] Executed action method BNA.EF1.API.Controllers.Cuenta.GetCuenta (BNA.EF1.API), returned result Microsoft.AspNetCore.Mvc.OkObjectResult in 174862.5839ms. 
 [2024-07-22 15:46:36.463 ce915bcb-10e2-47ae-b967-16a717ae547e INF] Executing OkObjectResult, writing value of type 'BNA.EF1.Application.Cuentas.Queries.GetCuenta.GetCuentaDto'. 
 [2024-07-22 15:46:36.465 ce915bcb-10e2-47ae-b967-16a717ae547e INF] Executed action BNA.EF1.API.Controllers.Cuenta.GetCuenta (BNA.EF1.API) in 174909.0023ms 
 [2024-07-22 15:46:36.465 ce915bcb-10e2-47ae-b967-16a717ae547e INF] Executed endpoint 'BNA.EF1.API.Controllers.Cuenta.GetCuenta (BNA.EF1.API)' 
 [2024-07-22 15:46:36.466 ce915bcb-10e2-47ae-b967-16a717ae547e INF] Request finished HTTP/2 GET https://localhost:7288/api/Cuenta/2020202020 - 200 null application/json; charset=utf-8 174911.0301ms 
 [2024-07-22 16:10:31.917 30386c5b-ae38-4e32-9b61-685b7c0ad5c9 INF] Request starting HTTP/2 GET https://localhost:7288/api/Cuenta/2020202020 - null null 
 [2024-07-22 16:10:31.921 30386c5b-ae38-4e32-9b61-685b7c0ad5c9 INF] Executing endpoint 'BNA.EF1.API.Controllers.Cuenta.GetCuenta (BNA.EF1.API)' 
 [2024-07-22 16:10:31.922 30386c5b-ae38-4e32-9b61-685b7c0ad5c9 INF] Route matched with {action = "GetCuenta", controller = "Cuenta"}. Executing controller action with signature System.Threading.Tasks.Task`1[Microsoft.AspNetCore.Mvc.ActionResult`1[BNA.EF1.Application.Cuentas.Queries.GetCuenta.GetCuentaDto]] GetCuenta(System.String) on controller BNA.EF1.API.Controllers.Cuenta (BNA.EF1.API). 
 [2024-07-22 16:10:31.968 30386c5b-ae38-4e32-9b61-685b7c0ad5c9 INF] Executing action method BNA.EF1.API.Controllers.Cuenta.GetCuenta (BNA.EF1.API) - Validation state: "Valid" 
 [2024-07-22 16:10:34.491 30386c5b-ae38-4e32-9b61-685b7c0ad5c9 INF] Iniciando consulta de Example por id 2020202020 
 [2024-07-22 16:10:34.561 30386c5b-ae38-4e32-9b61-685b7c0ad5c9 INF] Finalizando consulta de Example por id 2020202020 
 