[2024-08-06 12:11:59.724 61c67063-bb97-4ec7-ad6b-5107ebfa161b ERR] Hosting failed to start 
 System.IO.IOException: Failed to bind to address https://127.0.0.1:7288: address already in use.
 ---> Microsoft.AspNetCore.Connections.AddressInUseException: Solo se permite un uso de cada dirección de socket (protocolo/dirección de red/puerto)
 ---> System.Net.Sockets.SocketException (10048): Solo se permite un uso de cada dirección de socket (protocolo/dirección de red/puerto)
   at System.Net.Sockets.Socket.UpdateStatusAfterSocketErrorAndThrowException(SocketError error, Boolean disconnectOnFailure, String callerName)
   at System.Net.Sockets.Socket.DoBind(EndPoint endPointSnapshot, SocketAddress socketAddress)
   at System.Net.Sockets.Socket.Bind(EndPoint localEP)
   at Microsoft.AspNetCore.Server.Kestrel.Transport.Sockets.SocketTransportOptions.CreateDefaultBoundListenSocket(EndPoint endpoint)
   at Microsoft.AspNetCore.Server.Kestrel.Transport.Sockets.SocketConnectionListener.Bind()
   --- End of inner exception stack trace ---
   at Microsoft.AspNetCore.Server.Kestrel.Transport.Sockets.SocketConnectionListener.Bind()
   at Microsoft.AspNetCore.Server.Kestrel.Transport.Sockets.SocketTransportFactory.BindAsync(EndPoint endpoint, CancellationToken cancellationToken)
   at Microsoft.AspNetCore.Server.Kestrel.Core.Internal.Infrastructure.TransportManager.BindAsync(EndPoint endPoint, ConnectionDelegate connectionDelegate, EndpointConfig endpointConfig, CancellationToken cancellationToken)
   at Microsoft.AspNetCore.Server.Kestrel.Core.KestrelServerImpl.<>c__DisplayClass28_0`1.<<StartAsync>g__OnBind|0>d.MoveNext()
--- End of stack trace from previous location ---
   at Microsoft.AspNetCore.Server.Kestrel.Core.Internal.AddressBinder.BindEndpointAsync(ListenOptions endpoint, AddressBindContext context, CancellationToken cancellationToken)
   --- End of inner exception stack trace ---
   at Microsoft.AspNetCore.Server.Kestrel.Core.Internal.AddressBinder.BindEndpointAsync(ListenOptions endpoint, AddressBindContext context, CancellationToken cancellationToken)
   at Microsoft.AspNetCore.Server.Kestrel.Core.LocalhostListenOptions.BindAsync(AddressBindContext context, CancellationToken cancellationToken)
   at Microsoft.AspNetCore.Server.Kestrel.Core.Internal.AddressBinder.AddressesStrategy.BindAsync(AddressBindContext context, CancellationToken cancellationToken)
   at Microsoft.AspNetCore.Server.Kestrel.Core.Internal.AddressBinder.BindAsync(ListenOptions[] listenOptions, AddressBindContext context, Func`2 useHttps, CancellationToken cancellationToken)
   at Microsoft.AspNetCore.Server.Kestrel.Core.KestrelServerImpl.BindAsync(CancellationToken cancellationToken)
   at Microsoft.AspNetCore.Server.Kestrel.Core.KestrelServerImpl.StartAsync[TContext](IHttpApplication`1 application, CancellationToken cancellationToken)
   at Microsoft.AspNetCore.Hosting.GenericWebHostService.StartAsync(CancellationToken cancellationToken)
   at Microsoft.Extensions.Hosting.Internal.Host.<StartAsync>b__15_1(IHostedService service, CancellationToken token)
   at Microsoft.Extensions.Hosting.Internal.Host.ForeachService[T](IEnumerable`1 services, CancellationToken token, Boolean concurrent, Boolean abortOnFirstException, List`1 exceptions, Func`3 operation)
[2024-08-06 12:13:32.636 a8d0ef3e-29b9-45a5-a447-28dd1d7f5384 ERR] Hosting failed to start 
 System.IO.IOException: Failed to bind to address https://127.0.0.1:7288: address already in use.
 ---> Microsoft.AspNetCore.Connections.AddressInUseException: Solo se permite un uso de cada dirección de socket (protocolo/dirección de red/puerto)
 ---> System.Net.Sockets.SocketException (10048): Solo se permite un uso de cada dirección de socket (protocolo/dirección de red/puerto)
   at System.Net.Sockets.Socket.UpdateStatusAfterSocketErrorAndThrowException(SocketError error, Boolean disconnectOnFailure, String callerName)
   at System.Net.Sockets.Socket.DoBind(EndPoint endPointSnapshot, SocketAddress socketAddress)
   at System.Net.Sockets.Socket.Bind(EndPoint localEP)
   at Microsoft.AspNetCore.Server.Kestrel.Transport.Sockets.SocketTransportOptions.CreateDefaultBoundListenSocket(EndPoint endpoint)
   at Microsoft.AspNetCore.Server.Kestrel.Transport.Sockets.SocketConnectionListener.Bind()
   --- End of inner exception stack trace ---
   at Microsoft.AspNetCore.Server.Kestrel.Transport.Sockets.SocketConnectionListener.Bind()
   at Microsoft.AspNetCore.Server.Kestrel.Transport.Sockets.SocketTransportFactory.BindAsync(EndPoint endpoint, CancellationToken cancellationToken)
   at Microsoft.AspNetCore.Server.Kestrel.Core.Internal.Infrastructure.TransportManager.BindAsync(EndPoint endPoint, ConnectionDelegate connectionDelegate, EndpointConfig endpointConfig, CancellationToken cancellationToken)
   at Microsoft.AspNetCore.Server.Kestrel.Core.KestrelServerImpl.<>c__DisplayClass28_0`1.<<StartAsync>g__OnBind|0>d.MoveNext()
--- End of stack trace from previous location ---
   at Microsoft.AspNetCore.Server.Kestrel.Core.Internal.AddressBinder.BindEndpointAsync(ListenOptions endpoint, AddressBindContext context, CancellationToken cancellationToken)
   --- End of inner exception stack trace ---
   at Microsoft.AspNetCore.Server.Kestrel.Core.Internal.AddressBinder.BindEndpointAsync(ListenOptions endpoint, AddressBindContext context, CancellationToken cancellationToken)
   at Microsoft.AspNetCore.Server.Kestrel.Core.LocalhostListenOptions.BindAsync(AddressBindContext context, CancellationToken cancellationToken)
   at Microsoft.AspNetCore.Server.Kestrel.Core.Internal.AddressBinder.AddressesStrategy.BindAsync(AddressBindContext context, CancellationToken cancellationToken)
   at Microsoft.AspNetCore.Server.Kestrel.Core.Internal.AddressBinder.BindAsync(ListenOptions[] listenOptions, AddressBindContext context, Func`2 useHttps, CancellationToken cancellationToken)
   at Microsoft.AspNetCore.Server.Kestrel.Core.KestrelServerImpl.BindAsync(CancellationToken cancellationToken)
   at Microsoft.AspNetCore.Server.Kestrel.Core.KestrelServerImpl.StartAsync[TContext](IHttpApplication`1 application, CancellationToken cancellationToken)
   at Microsoft.AspNetCore.Hosting.GenericWebHostService.StartAsync(CancellationToken cancellationToken)
   at Microsoft.Extensions.Hosting.Internal.Host.<StartAsync>b__15_1(IHostedService service, CancellationToken token)
   at Microsoft.Extensions.Hosting.Internal.Host.ForeachService[T](IEnumerable`1 services, CancellationToken token, Boolean concurrent, Boolean abortOnFirstException, List`1 exceptions, Func`3 operation)
[2024-08-06 12:15:41.924 c65da4fe-fb79-4334-8862-c69da7c238b1 ERR] Hosting failed to start 
 System.IO.IOException: Failed to bind to address http://127.0.0.1:5246: address already in use.
 ---> Microsoft.AspNetCore.Connections.AddressInUseException: Solo se permite un uso de cada dirección de socket (protocolo/dirección de red/puerto)
 ---> System.Net.Sockets.SocketException (10048): Solo se permite un uso de cada dirección de socket (protocolo/dirección de red/puerto)
   at System.Net.Sockets.Socket.UpdateStatusAfterSocketErrorAndThrowException(SocketError error, Boolean disconnectOnFailure, String callerName)
   at System.Net.Sockets.Socket.DoBind(EndPoint endPointSnapshot, SocketAddress socketAddress)
   at System.Net.Sockets.Socket.Bind(EndPoint localEP)
   at Microsoft.AspNetCore.Server.Kestrel.Transport.Sockets.SocketTransportOptions.CreateDefaultBoundListenSocket(EndPoint endpoint)
   at Microsoft.AspNetCore.Server.Kestrel.Transport.Sockets.SocketConnectionListener.Bind()
   --- End of inner exception stack trace ---
   at Microsoft.AspNetCore.Server.Kestrel.Transport.Sockets.SocketConnectionListener.Bind()
   at Microsoft.AspNetCore.Server.Kestrel.Transport.Sockets.SocketTransportFactory.BindAsync(EndPoint endpoint, CancellationToken cancellationToken)
   at Microsoft.AspNetCore.Server.Kestrel.Core.Internal.Infrastructure.TransportManager.BindAsync(EndPoint endPoint, ConnectionDelegate connectionDelegate, EndpointConfig endpointConfig, CancellationToken cancellationToken)
   at Microsoft.AspNetCore.Server.Kestrel.Core.KestrelServerImpl.<>c__DisplayClass28_0`1.<<StartAsync>g__OnBind|0>d.MoveNext()
--- End of stack trace from previous location ---
   at Microsoft.AspNetCore.Server.Kestrel.Core.Internal.AddressBinder.BindEndpointAsync(ListenOptions endpoint, AddressBindContext context, CancellationToken cancellationToken)
   --- End of inner exception stack trace ---
   at Microsoft.AspNetCore.Server.Kestrel.Core.Internal.AddressBinder.BindEndpointAsync(ListenOptions endpoint, AddressBindContext context, CancellationToken cancellationToken)
   at Microsoft.AspNetCore.Server.Kestrel.Core.LocalhostListenOptions.BindAsync(AddressBindContext context, CancellationToken cancellationToken)
   at Microsoft.AspNetCore.Server.Kestrel.Core.Internal.AddressBinder.AddressesStrategy.BindAsync(AddressBindContext context, CancellationToken cancellationToken)
   at Microsoft.AspNetCore.Server.Kestrel.Core.Internal.AddressBinder.BindAsync(ListenOptions[] listenOptions, AddressBindContext context, Func`2 useHttps, CancellationToken cancellationToken)
   at Microsoft.AspNetCore.Server.Kestrel.Core.KestrelServerImpl.BindAsync(CancellationToken cancellationToken)
   at Microsoft.AspNetCore.Server.Kestrel.Core.KestrelServerImpl.StartAsync[TContext](IHttpApplication`1 application, CancellationToken cancellationToken)
   at Microsoft.AspNetCore.Hosting.GenericWebHostService.StartAsync(CancellationToken cancellationToken)
   at Microsoft.Extensions.Hosting.Internal.Host.<StartAsync>b__15_1(IHostedService service, CancellationToken token)
   at Microsoft.Extensions.Hosting.Internal.Host.ForeachService[T](IEnumerable`1 services, CancellationToken token, Boolean concurrent, Boolean abortOnFirstException, List`1 exceptions, Func`3 operation)
[2024-08-06 12:16:19.787 0a360990-8cce-4851-994f-87f5034b1faf ERR] Hosting failed to start 
 System.IO.IOException: Failed to bind to address http://127.0.0.1:5246: address already in use.
 ---> Microsoft.AspNetCore.Connections.AddressInUseException: Solo se permite un uso de cada dirección de socket (protocolo/dirección de red/puerto)
 ---> System.Net.Sockets.SocketException (10048): Solo se permite un uso de cada dirección de socket (protocolo/dirección de red/puerto)
   at System.Net.Sockets.Socket.UpdateStatusAfterSocketErrorAndThrowException(SocketError error, Boolean disconnectOnFailure, String callerName)
   at System.Net.Sockets.Socket.DoBind(EndPoint endPointSnapshot, SocketAddress socketAddress)
   at System.Net.Sockets.Socket.Bind(EndPoint localEP)
   at Microsoft.AspNetCore.Server.Kestrel.Transport.Sockets.SocketTransportOptions.CreateDefaultBoundListenSocket(EndPoint endpoint)
   at Microsoft.AspNetCore.Server.Kestrel.Transport.Sockets.SocketConnectionListener.Bind()
   --- End of inner exception stack trace ---
   at Microsoft.AspNetCore.Server.Kestrel.Transport.Sockets.SocketConnectionListener.Bind()
   at Microsoft.AspNetCore.Server.Kestrel.Transport.Sockets.SocketTransportFactory.BindAsync(EndPoint endpoint, CancellationToken cancellationToken)
   at Microsoft.AspNetCore.Server.Kestrel.Core.Internal.Infrastructure.TransportManager.BindAsync(EndPoint endPoint, ConnectionDelegate connectionDelegate, EndpointConfig endpointConfig, CancellationToken cancellationToken)
   at Microsoft.AspNetCore.Server.Kestrel.Core.KestrelServerImpl.<>c__DisplayClass28_0`1.<<StartAsync>g__OnBind|0>d.MoveNext()
--- End of stack trace from previous location ---
   at Microsoft.AspNetCore.Server.Kestrel.Core.Internal.AddressBinder.BindEndpointAsync(ListenOptions endpoint, AddressBindContext context, CancellationToken cancellationToken)
   --- End of inner exception stack trace ---
   at Microsoft.AspNetCore.Server.Kestrel.Core.Internal.AddressBinder.BindEndpointAsync(ListenOptions endpoint, AddressBindContext context, CancellationToken cancellationToken)
   at Microsoft.AspNetCore.Server.Kestrel.Core.LocalhostListenOptions.BindAsync(AddressBindContext context, CancellationToken cancellationToken)
   at Microsoft.AspNetCore.Server.Kestrel.Core.Internal.AddressBinder.AddressesStrategy.BindAsync(AddressBindContext context, CancellationToken cancellationToken)
   at Microsoft.AspNetCore.Server.Kestrel.Core.Internal.AddressBinder.BindAsync(ListenOptions[] listenOptions, AddressBindContext context, Func`2 useHttps, CancellationToken cancellationToken)
   at Microsoft.AspNetCore.Server.Kestrel.Core.KestrelServerImpl.BindAsync(CancellationToken cancellationToken)
   at Microsoft.AspNetCore.Server.Kestrel.Core.KestrelServerImpl.StartAsync[TContext](IHttpApplication`1 application, CancellationToken cancellationToken)
   at Microsoft.AspNetCore.Hosting.GenericWebHostService.StartAsync(CancellationToken cancellationToken)
   at Microsoft.Extensions.Hosting.Internal.Host.<StartAsync>b__15_1(IHostedService service, CancellationToken token)
   at Microsoft.Extensions.Hosting.Internal.Host.ForeachService[T](IEnumerable`1 services, CancellationToken token, Boolean concurrent, Boolean abortOnFirstException, List`1 exceptions, Func`3 operation)
[2024-08-06 12:18:14.721 f35b8fb4-7251-4c4c-87f7-f613997862ff INF] Now listening on: https://localhost:7289 
 [2024-08-06 12:18:14.822 e2f64505-792a-4b6c-9645-d336df55e990 INF] Now listening on: http://localhost:5247 
 [2024-08-06 12:18:14.829 802bde28-a81e-4109-9dcc-4ed3c4bf2eb1 INF] Application started. Press Ctrl+C to shut down. 
 [2024-08-06 12:18:14.830 d063f9ce-05e3-4f81-8af0-eea9fcf989ce INF] Hosting environment: Development 
 [2024-08-06 12:18:14.830 bcf41d40-3246-4715-b97e-b5322207d2fb INF] Content root path: C:\Users\n29938\Desktop\Ejercitacion Apis\BNA EF1 V.1.02\BNA.EF1.API 
 [2024-08-06 12:18:15.546 32318fc7-2852-4cdf-a45f-dab00564d127 INF] Request starting HTTP/2 GET https://localhost:7289/swagger - null null 
 [2024-08-06 12:18:16.100 32318fc7-2852-4cdf-a45f-dab00564d127 INF] Request finished HTTP/2 GET https://localhost:7289/swagger - 301 0 null 561.4954ms 
 [2024-08-06 12:18:16.118 0aec2733-fb93-492c-a573-414fff36996b INF] Request starting HTTP/2 GET https://localhost:7289/swagger/index.html - null null 
 [2024-08-06 12:18:16.331 0aec2733-fb93-492c-a573-414fff36996b INF] Request finished HTTP/2 GET https://localhost:7289/swagger/index.html - 200 null text/html;charset=utf-8 212.9976ms 
 [2024-08-06 12:18:16.334 a278f3ba-553a-44cd-bf63-9b96da3a9d95 INF] Request starting HTTP/2 GET https://localhost:7289/swagger/swagger-ui.css - null null 
 [2024-08-06 12:18:16.349 938bfdec-f271-4e0e-801c-0f450855c725 INF] Request starting HTTP/2 GET https://localhost:7289/swagger/swagger-ui-bundle.js - null null 
 [2024-08-06 12:18:16.351 9ec0d7c4-1500-4264-befb-6e29a11e016a INF] Request starting HTTP/2 GET https://localhost:7289/swagger/swagger-ui-standalone-preset.js - null null 
 [2024-08-06 12:18:16.368 1a13f9b1-5231-4422-9838-511e1dcd5857 INF] Request starting HTTP/2 GET https://localhost:7289/_framework/aspnetcore-browser-refresh.js - null null 
 [2024-08-06 12:18:16.415 1a13f9b1-5231-4422-9838-511e1dcd5857 INF] Request finished HTTP/2 GET https://localhost:7289/_framework/aspnetcore-browser-refresh.js - 200 13758 application/javascript; charset=utf-8 41.8839ms 
 [2024-08-06 12:18:16.428 a278f3ba-553a-44cd-bf63-9b96da3a9d95 INF] Sending file. Request path: '/swagger-ui.css'. Physical path: 'N/A' 
 [2024-08-06 12:18:16.428 a278f3ba-553a-44cd-bf63-9b96da3a9d95 INF] Request finished HTTP/2 GET https://localhost:7289/swagger/swagger-ui.css - 200 143632 text/css 94.3033ms 
 [2024-08-06 12:18:16.447 9ec0d7c4-1500-4264-befb-6e29a11e016a INF] Sending file. Request path: '/swagger-ui-standalone-preset.js'. Physical path: 'N/A' 
 [2024-08-06 12:18:16.448 9ec0d7c4-1500-4264-befb-6e29a11e016a INF] Request finished HTTP/2 GET https://localhost:7289/swagger/swagger-ui-standalone-preset.js - 200 337162 text/javascript 96.4512ms 
 [2024-08-06 12:18:16.475 938bfdec-f271-4e0e-801c-0f450855c725 INF] Sending file. Request path: '/swagger-ui-bundle.js'. Physical path: 'N/A' 
 [2024-08-06 12:18:16.475 938bfdec-f271-4e0e-801c-0f450855c725 INF] Request finished HTTP/2 GET https://localhost:7289/swagger/swagger-ui-bundle.js - 200 1092889 text/javascript 126.5949ms 
 [2024-08-06 12:18:16.671 eb0ada33-e48f-4b88-9432-74b352acee00 INF] Request starting HTTP/2 GET https://localhost:7289/swagger/v1/swagger.json - null null 
 [2024-08-06 12:18:16.713 6fbdeac9-c19e-46a6-ba25-d82a3188c331 INF] Request starting HTTP/2 GET https://localhost:7289/swagger/favicon-32x32.png - null null 
 [2024-08-06 12:18:16.714 6fbdeac9-c19e-46a6-ba25-d82a3188c331 INF] Sending file. Request path: '/favicon-32x32.png'. Physical path: 'N/A' 
 [2024-08-06 12:18:16.715 6fbdeac9-c19e-46a6-ba25-d82a3188c331 INF] Request finished HTTP/2 GET https://localhost:7289/swagger/favicon-32x32.png - 200 628 image/png 1.6108ms 
 [2024-08-06 12:18:16.892 eb0ada33-e48f-4b88-9432-74b352acee00 INF] Request finished HTTP/2 GET https://localhost:7289/swagger/v1/swagger.json - 200 null application/json;charset=utf-8 220.7825ms 
 [2024-08-06 12:23:43.791 1d119de5-6ca5-4e26-bcb4-5f74b581e86d INF] Now listening on: https://localhost:7289 
 [2024-08-06 12:23:43.859 dd2f8ca2-9567-41fd-a659-55e8b3251b49 INF] Now listening on: http://localhost:5247 
 [2024-08-06 12:23:43.862 be057ea7-8ebe-4fed-a62d-8d4a7c30311b INF] Application started. Press Ctrl+C to shut down. 
 [2024-08-06 12:23:43.862 4041627c-8788-40b0-9473-a4542cc65fcb INF] Hosting environment: Development 
 [2024-08-06 12:23:43.862 9861610b-cf35-43f7-a60f-903f756a3490 INF] Content root path: C:\Users\n29938\Desktop\Ejercitacion Apis\BNA EF1 V.1.02\BNA.EF1.API 
 [2024-08-06 12:23:44.795 9f8d8c36-7513-440c-b0f1-e28d5755090b INF] Request starting HTTP/2 GET https://localhost:7289/swagger - null null 
 [2024-08-06 12:23:45.348 9f8d8c36-7513-440c-b0f1-e28d5755090b INF] Request finished HTTP/2 GET https://localhost:7289/swagger - 301 0 null 561.2412ms 
 [2024-08-06 12:23:45.373 26f04f4a-f774-4833-83f1-8c33e5df7a29 INF] Request starting HTTP/2 GET https://localhost:7289/swagger/index.html - null null 
 [2024-08-06 12:23:45.648 26f04f4a-f774-4833-83f1-8c33e5df7a29 INF] Request finished HTTP/2 GET https://localhost:7289/swagger/index.html - 200 null text/html;charset=utf-8 275.2666ms 
 [2024-08-06 12:23:45.750 0dfce1f3-efba-4488-84ca-a1ed332fd6ea INF] Request starting HTTP/2 GET https://localhost:7289/swagger/swagger-ui.css - null null 
 [2024-08-06 12:23:45.838 65607c5f-e402-4d9b-8513-1904d7dae3f5 INF] Request starting HTTP/2 GET https://localhost:7289/swagger/swagger-ui-bundle.js - null null 
 [2024-08-06 12:23:45.841 674ccf90-f873-4134-9a34-3e3e788e8c2d INF] Request starting HTTP/2 GET https://localhost:7289/swagger/swagger-ui-standalone-preset.js - null null 
 [2024-08-06 12:23:45.842 21088da1-d980-4276-bf2a-c465d896cc7b INF] Request starting HTTP/2 GET https://localhost:7289/_framework/aspnetcore-browser-refresh.js - null null 
 [2024-08-06 12:23:45.908 21088da1-d980-4276-bf2a-c465d896cc7b INF] Request finished HTTP/2 GET https://localhost:7289/_framework/aspnetcore-browser-refresh.js - 200 13758 application/javascript; charset=utf-8 65.8187ms 
 [2024-08-06 12:23:45.956 0dfce1f3-efba-4488-84ca-a1ed332fd6ea INF] Sending file. Request path: '/swagger-ui.css'. Physical path: 'N/A' 
 [2024-08-06 12:23:45.958 0dfce1f3-efba-4488-84ca-a1ed332fd6ea INF] Request finished HTTP/2 GET https://localhost:7289/swagger/swagger-ui.css - 200 143632 text/css 207.6166ms 
 [2024-08-06 12:23:45.998 674ccf90-f873-4134-9a34-3e3e788e8c2d INF] Sending file. Request path: '/swagger-ui-standalone-preset.js'. Physical path: 'N/A' 
 [2024-08-06 12:23:45.999 674ccf90-f873-4134-9a34-3e3e788e8c2d INF] Request finished HTTP/2 GET https://localhost:7289/swagger/swagger-ui-standalone-preset.js - 200 337162 text/javascript 158.0102ms 
 [2024-08-06 12:23:46.028 65607c5f-e402-4d9b-8513-1904d7dae3f5 INF] Sending file. Request path: '/swagger-ui-bundle.js'. Physical path: 'N/A' 
 [2024-08-06 12:23:46.029 65607c5f-e402-4d9b-8513-1904d7dae3f5 INF] Request finished HTTP/2 GET https://localhost:7289/swagger/swagger-ui-bundle.js - 200 1092889 text/javascript 191.266ms 
 [2024-08-06 12:23:46.204 62efd882-0db8-4b0b-bc05-5fa46c433988 INF] Request starting HTTP/2 GET https://localhost:7289/swagger/v1/swagger.json - null null 
 [2024-08-06 12:23:46.238 5937746e-5bb4-4728-b0ab-9e3a52e16023 INF] Request starting HTTP/2 GET https://localhost:7289/swagger/favicon-32x32.png - null null 
 [2024-08-06 12:23:46.239 5937746e-5bb4-4728-b0ab-9e3a52e16023 INF] Sending file. Request path: '/favicon-32x32.png'. Physical path: 'N/A' 
 [2024-08-06 12:23:46.239 5937746e-5bb4-4728-b0ab-9e3a52e16023 INF] Request finished HTTP/2 GET https://localhost:7289/swagger/favicon-32x32.png - 200 628 image/png 1.7103ms 
 [2024-08-06 12:23:46.420 62efd882-0db8-4b0b-bc05-5fa46c433988 INF] Request finished HTTP/2 GET https://localhost:7289/swagger/v1/swagger.json - 200 null application/json;charset=utf-8 216.5963ms 
 [2024-08-06 12:30:17.161 58c80a96-96e3-4bcf-b68a-afa8182b2e84 INF] Request starting HTTP/2 GET https://localhost:7289/api/Cliente/2033333333/cuentas - null null 
 [2024-08-06 12:30:17.191 58c80a96-96e3-4bcf-b68a-afa8182b2e84 INF] Executing endpoint 'BNA.EF1.API.Controllers.ClienteController.GetClientesCuentasQuery (BNA.EF1.API)' 
 [2024-08-06 12:30:17.225 58c80a96-96e3-4bcf-b68a-afa8182b2e84 INF] Route matched with {action = "GetClientesCuentasQuery", controller = "Cliente"}. Executing controller action with signature System.Threading.Tasks.Task`1[Microsoft.AspNetCore.Mvc.ActionResult`1[System.Collections.Generic.List`1[BNA.EF1.Application.Clientes.Queries.GetCliente.GetClienteDto]]] GetClientesCuentasQuery(Double) on controller BNA.EF1.API.Controllers.ClienteController (BNA.EF1.API). 
 [2024-08-06 12:30:17.448 58c80a96-96e3-4bcf-b68a-afa8182b2e84 INF] Executing action method BNA.EF1.API.Controllers.ClienteController.GetClientesCuentasQuery (BNA.EF1.API) - Validation state: "Valid" 
 [2024-08-06 12:30:21.968 58c80a96-96e3-4bcf-b68a-afa8182b2e84 INF] Executed action method BNA.EF1.API.Controllers.ClienteController.GetClientesCuentasQuery (BNA.EF1.API), returned result Microsoft.AspNetCore.Mvc.ObjectResult in 4513.3088ms. 
 [2024-08-06 12:30:21.977 58c80a96-96e3-4bcf-b68a-afa8182b2e84 INF] Executing ObjectResult, writing value of type 'Microsoft.AspNetCore.Mvc.ProblemDetails'. 
 [2024-08-06 12:30:22.020 58c80a96-96e3-4bcf-b68a-afa8182b2e84 INF] Executed action BNA.EF1.API.Controllers.ClienteController.GetClientesCuentasQuery (BNA.EF1.API) in 4785.9346ms 
 [2024-08-06 12:30:22.021 58c80a96-96e3-4bcf-b68a-afa8182b2e84 INF] Executed endpoint 'BNA.EF1.API.Controllers.ClienteController.GetClientesCuentasQuery (BNA.EF1.API)' 
 [2024-08-06 12:30:22.033 58c80a96-96e3-4bcf-b68a-afa8182b2e84 INF] Request finished HTTP/2 GET https://localhost:7289/api/Cliente/2033333333/cuentas - 404 null application/problem+json; charset=utf-8 4873.2539ms 
 